<?xml version="1.0" encoding="UTF-8"?>
<!-- Generated by org.testng.reporters.JUnitReportReporter -->
<testsuite hostname="Nikita-PC" failures="0" tests="1" name="pac1.ContactTest" time="0.008" errors="0" timestamp="2025-08-06T10:06:07 IST" skipped="0">
  <testcase classname="pac1.ContactTest" name="createContact" time="0.008"/>
</testsuite> <!-- pac1.ContactTest -->
