<?xml version="1.0" encoding="UTF-8"?>
<!-- Generated by org.testng.reporters.JUnitReportReporter -->
<testsuite hostname="Nikita-PC" failures="0" tests="2" name="pac1.ContactTest" time="0.008" errors="0" timestamp="2025-08-04T13:03:27 IST" skipped="0">
  <testcase classname="pac1.ContactTest" name="createContact" time="0.007"/>
  <testcase classname="pac1.ContactTest" name="modifyContact" time="0.001"/>
</testsuite> <!-- pac1.ContactTest -->
