<?xml version="1.0" encoding="UTF-8"?>
<!-- Generated by org.testng.reporters.JUnitReportReporter -->
<testsuite hostname="Nikita-PC" failures="0" tests="2" name="pac2.OrgTest" time="0.002" errors="0" timestamp="2025-08-06T10:04:32 IST" skipped="0">
  <testcase classname="pac2.OrgTest" name="modifyOrg" time="0.001"/>
  <testcase classname="pac2.OrgTest" name="createOrg" time="0.001"/>
</testsuite> <!-- pac2.OrgTest -->
